# JRE version: OpenJDK Runtime Environment (11.0.10) (build 11.0.10+0-b96-7249189)
# Java VM: OpenJDK 64-Bit Server VM (11.0.10+0-b96-7249189, mixed mode, tiered, compressed oops, g1 gc, windows-amd64)
Heap:
 garbage-first heap   total 422912K, used 329536K [0x0000000080000000, 0x0000000100000000)
  region size 1024K, 152 young (155648K), 12 survivors (12288K)
 Metaspace       used 105671K, capacity 108611K, committed 108748K, reserved 1142784K
  class space    used 13458K, capacity 14582K, committed 14592K, reserved 1048576K
GC Heap History (20 events):
Event: 46.170 GC heap before
{Heap before GC invocations=77 (full 0):
 garbage-first heap   total 422912K, used 364140K [0x0000000080000000, 0x0000000100000000)
  region size 1024K, 205 young (209920K), 15 survivors (15360K)
 Metaspace       used 105629K, capacity 108472K, committed 108492K, reserved 1142784K
  class space    used 13452K, capacity 14579K, committed 14592K, reserved 1048576K
}
Event: 46.187 GC heap after
{Heap after GC invocations=78 (full 0):
 garbage-first heap   total 422912K, used 171753K [0x0000000080000000, 0x0000000100000000)
  region size 1024K, 14 young (14336K), 14 survivors (14336K)
 Metaspace       used 105629K, capacity 108472K, committed 108492K, reserved 1142784K
  class space    used 13452K, capacity 14579K, committed 14592K, reserved 1048576K
}
Event: 47.001 GC heap before
{Heap before GC invocations=78 (full 0):
 garbage-first heap   total 422912K, used 365289K [0x0000000080000000, 0x0000000100000000)
  region size 1024K, 203 young (207872K), 14 survivors (14336K)
 Metaspace       used 105635K, capacity 108472K, committed 108492K, reserved 1142784K
  class space    used 13452K, capacity 14579K, committed 14592K, reserved 1048576K
}
Event: 47.016 GC heap after
{Heap after GC invocations=79 (full 0):
 garbage-first heap   total 422912K, used 176509K [0x0000000080000000, 0x0000000100000000)
  region size 1024K, 17 young (17408K), 17 survivors (17408K)
 Metaspace       used 105635K, capacity 108472K, committed 108492K, reserved 1142784K
  class space    used 13452K, capacity 14579K, committed 14592K, reserved 1048576K
}
Event: 48.102 GC heap before
{Heap before GC invocations=79 (full 0):
 garbage-first heap   total 422912K, used 361853K [0x0000000080000000, 0x0000000100000000)
  region size 1024K, 198 young (202752K), 17 survivors (17408K)
 Metaspace       used 105641K, capacity 108478K, committed 108492K, reserved 1142784K
  class space    used 13453K, capacity 14580K, committed 14592K, reserved 1048576K
}
Event: 48.116 GC heap after
{Heap after GC invocations=80 (full 0):
 garbage-first heap   total 422912K, used 175507K [0x0000000080000000, 0x0000000100000000)
  region size 1024K, 11 young (11264K), 11 survivors (11264K)
 Metaspace       used 105641K, capacity 108478K, committed 108492K, reserved 1142784K
  class space    used 13453K, capacity 14580K, committed 14592K, reserved 1048576K
}
Event: 49.290 GC heap before
{Heap before GC invocations=80 (full 0):
 garbage-first heap   total 422912K, used 368019K [0x0000000080000000, 0x0000000100000000)
  region size 1024K, 199 young (203776K), 11 survivors (11264K)
 Metaspace       used 105644K, capacity 108478K, committed 108492K, reserved 1142784K
  class space    used 13453K, capacity 14580K, committed 14592K, reserved 1048576K
}
Event: 49.305 GC heap after
{Heap after GC invocations=81 (full 0):
 garbage-first heap   total 422912K, used 177555K [0x0000000080000000, 0x0000000100000000)
  region size 1024K, 13 young (13312K), 13 survivors (13312K)
 Metaspace       used 105644K, capacity 108478K, committed 108492K, reserved 1142784K
  class space    used 13453K, capacity 14580K, committed 14592K, reserved 1048576K
}
Event: 50.455 GC heap before
{Heap before GC invocations=81 (full 0):
 garbage-first heap   total 422912K, used 365971K [0x0000000080000000, 0x0000000100000000)
  region size 1024K, 197 young (201728K), 13 survivors (13312K)
 Metaspace       used 105649K, capacity 108481K, committed 108492K, reserved 1142784K
  class space    used 13454K, capacity 14581K, committed 14592K, reserved 1048576K
}
Event: 50.472 GC heap after
{Heap after GC invocations=82 (full 0):
 garbage-first heap   total 422912K, used 179091K [0x0000000080000000, 0x0000000100000000)
  region size 1024K, 14 young (14336K), 14 survivors (14336K)
 Metaspace       used 105649K, capacity 108481K, committed 108492K, reserved 1142784K
  class space    used 13454K, capacity 14581K, committed 14592K, reserved 1048576K
}
Event: 51.515 GC heap before
{Heap before GC invocations=82 (full 0):
 garbage-first heap   total 422912K, used 365459K [0x0000000080000000, 0x0000000100000000)
  region size 1024K, 196 young (200704K), 14 survivors (14336K)
 Metaspace       used 105652K, capacity 108481K, committed 108492K, reserved 1142784K
  class space    used 13454K, capacity 14581K, committed 14592K, reserved 1048576K
}
Event: 51.529 GC heap after
{Heap after GC invocations=83 (full 0):
 garbage-first heap   total 422912K, used 179852K [0x0000000080000000, 0x0000000100000000)
  region size 1024K, 13 young (13312K), 13 survivors (13312K)
 Metaspace       used 105652K, capacity 108481K, committed 108492K, reserved 1142784K
  class space    used 13454K, capacity 14581K, committed 14592K, reserved 1048576K
}
Event: 52.587 GC heap before
{Heap before GC invocations=83 (full 0):
 garbage-first heap   total 422912K, used 365196K [0x0000000080000000, 0x0000000100000000)
  region size 1024K, 194 young (198656K), 13 survivors (13312K)
 Metaspace       used 105653K, capacity 108481K, committed 108492K, reserved 1142784K
  class space    used 13455K, capacity 14581K, committed 14592K, reserved 1048576K
}
Event: 52.599 GC heap after
{Heap after GC invocations=84 (full 0):
 garbage-first heap   total 422912K, used 181900K [0x0000000080000000, 0x0000000100000000)
  region size 1024K, 15 young (15360K), 15 survivors (15360K)
 Metaspace       used 105653K, capacity 108481K, committed 108492K, reserved 1142784K
  class space    used 13455K, capacity 14581K, committed 14592K, reserved 1048576K
}
Event: 53.443 GC heap before
{Heap before GC invocations=84 (full 0):
 garbage-first heap   total 422912K, used 363148K [0x0000000080000000, 0x0000000100000000)
  region size 1024K, 192 young (196608K), 15 survivors (15360K)
 Metaspace       used 105667K, capacity 108547K, committed 108748K, reserved 1142784K
  class space    used 13458K, capacity 14582K, committed 14592K, reserved 1048576K
}
Event: 53.458 GC heap after
{Heap after GC invocations=85 (full 0):
 garbage-first heap   total 422912K, used 184249K [0x0000000080000000, 0x0000000100000000)
  region size 1024K, 15 young (15360K), 15 survivors (15360K)
 Metaspace       used 105667K, capacity 108547K, committed 108748K, reserved 1142784K
  class space    used 13458K, capacity 14582K, committed 14592K, reserved 1048576K
}
Event: 54.150 GC heap before
{Heap before GC invocations=85 (full 0):
 garbage-first heap   total 422912K, used 364473K [0x0000000080000000, 0x0000000100000000)
  region size 1024K, 191 young (195584K), 15 survivors (15360K)
 Metaspace       used 105667K, capacity 108547K, committed 108748K, reserved 1142784K
  class space    used 13458K, capacity 14582K, committed 14592K, reserved 1048576K
}
Event: 54.169 GC heap after
{Heap after GC invocations=86 (full 0):
 garbage-first heap   total 422912K, used 186142K [0x0000000080000000, 0x0000000100000000)
  region size 1024K, 15 young (15360K), 15 survivors (15360K)
 Metaspace       used 105667K, capacity 108547K, committed 108748K, reserved 1142784K
  class space    used 13458K, capacity 14582K, committed 14592K, reserved 1048576K
}
Event: 54.847 GC heap before
{Heap before GC invocations=86 (full 0):
 garbage-first heap   total 422912K, used 363294K [0x0000000080000000, 0x0000000100000000)
  region size 1024K, 188 young (192512K), 15 survivors (15360K)
 Metaspace       used 105670K, capacity 108611K, committed 108748K, reserved 1142784K
  class space    used 13458K, capacity 14582K, committed 14592K, reserved 1048576K
}
Event: 54.860 GC heap after
{Heap after GC invocations=87 (full 0):
 garbage-first heap   total 422912K, used 187200K [0x0000000080000000, 0x0000000100000000)
  region size 1024K, 12 young (12288K), 12 survivors (12288K)
 Metaspace       used 105670K, capacity 108611K, committed 108748K, reserved 1142784K
  class space    used 13458K, capacity 14582K, committed 14592K, reserved 1048576K
}

