# JRE version: OpenJDK Runtime Environment (11.0.10) (build 11.0.10+0-b96-7249189)
# Java VM: OpenJDK 64-Bit Server VM (11.0.10+0-b96-7249189, mixed mode, tiered, compressed oops, g1 gc, windows-amd64)
Heap:
 garbage-first heap   total 129024K, used 89931K [0x0000000080000000, 0x0000000100000000)
  region size 1024K, 71 young (72704K), 9 survivors (9216K)
 Metaspace       used 45157K, capacity 46363K, committed 46412K, reserved 1089536K
  class space    used 5795K, capacity 6194K, committed 6220K, reserved 1048576K
GC Heap History (12 events):
Event: 0.904 GC heap before
{Heap before GC invocations=0 (full 0):
 garbage-first heap   total 129024K, used 17408K [0x0000000080000000, 0x0000000100000000)
  region size 1024K, 14 young (14336K), 0 survivors (0K)
 Metaspace       used 6785K, capacity 6989K, committed 7168K, reserved 1056768K
  class space    used 584K, capacity 650K, committed 768K, reserved 1048576K
}
Event: 0.933 GC heap after
{Heap after GC invocations=1 (full 0):
 garbage-first heap   total 129024K, used 4813K [0x0000000080000000, 0x0000000100000000)
  region size 1024K, 2 young (2048K), 2 survivors (2048K)
 Metaspace       used 6785K, capacity 6989K, committed 7168K, reserved 1056768K
  class space    used 584K, capacity 650K, committed 768K, reserved 1048576K
}
Event: 2.871 GC heap before
{Heap before GC invocations=1 (full 0):
 garbage-first heap   total 129024K, used 82637K [0x0000000080000000, 0x0000000100000000)
  region size 1024K, 75 young (76800K), 2 survivors (2048K)
 Metaspace       used 16658K, capacity 17103K, committed 17152K, reserved 1064960K
  class space    used 1904K, capacity 2044K, committed 2048K, reserved 1048576K
}
Event: 2.909 GC heap after
{Heap after GC invocations=2 (full 0):
 garbage-first heap   total 129024K, used 15736K [0x0000000080000000, 0x0000000100000000)
  region size 1024K, 10 young (10240K), 10 survivors (10240K)
 Metaspace       used 16658K, capacity 17103K, committed 17152K, reserved 1064960K
  class space    used 1904K, capacity 2044K, committed 2048K, reserved 1048576K
}
Event: 3.465 GC heap before
{Heap before GC invocations=2 (full 0):
 garbage-first heap   total 129024K, used 48504K [0x0000000080000000, 0x0000000100000000)
  region size 1024K, 44 young (45056K), 10 survivors (10240K)
 Metaspace       used 20581K, capacity 21092K, committed 21248K, reserved 1067008K
  class space    used 2505K, capacity 2690K, committed 2816K, reserved 1048576K
}
Event: 3.475 GC heap after
{Heap after GC invocations=3 (full 0):
 garbage-first heap   total 129024K, used 16948K [0x0000000080000000, 0x0000000100000000)
  region size 1024K, 2 young (2048K), 2 survivors (2048K)
 Metaspace       used 20581K, capacity 21092K, committed 21248K, reserved 1067008K
  class space    used 2505K, capacity 2690K, committed 2816K, reserved 1048576K
}
Event: 4.440 GC heap before
{Heap before GC invocations=4 (full 0):
 garbage-first heap   total 129024K, used 76340K [0x0000000080000000, 0x0000000100000000)
  region size 1024K, 60 young (61440K), 2 survivors (2048K)
 Metaspace       used 26355K, capacity 27064K, committed 27264K, reserved 1073152K
  class space    used 3460K, capacity 3708K, committed 3712K, reserved 1048576K
}
Event: 4.445 GC heap after
{Heap after GC invocations=5 (full 0):
 garbage-first heap   total 129024K, used 18673K [0x0000000080000000, 0x0000000100000000)
  region size 1024K, 4 young (4096K), 4 survivors (4096K)
 Metaspace       used 26355K, capacity 27064K, committed 27264K, reserved 1073152K
  class space    used 3460K, capacity 3708K, committed 3712K, reserved 1048576K
}
Event: 5.545 GC heap before
{Heap before GC invocations=5 (full 0):
 garbage-first heap   total 129024K, used 69873K [0x0000000080000000, 0x0000000100000000)
  region size 1024K, 55 young (56320K), 4 survivors (4096K)
 Metaspace       used 35037K, capacity 35826K, committed 35840K, reserved 1081344K
  class space    used 4540K, capacity 4864K, committed 4864K, reserved 1048576K
}
Event: 5.554 GC heap after
{Heap after GC invocations=6 (full 0):
 garbage-first heap   total 129024K, used 22154K [0x0000000080000000, 0x0000000100000000)
  region size 1024K, 7 young (7168K), 7 survivors (7168K)
 Metaspace       used 35037K, capacity 35826K, committed 35840K, reserved 1081344K
  class space    used 4540K, capacity 4864K, committed 4864K, reserved 1048576K
}
Event: 6.882 GC heap before
{Heap before GC invocations=7 (full 0):
 garbage-first heap   total 129024K, used 89738K [0x0000000080000000, 0x0000000100000000)
  region size 1024K, 71 young (72704K), 7 survivors (7168K)
 Metaspace       used 39537K, capacity 40556K, committed 40780K, reserved 1085440K
  class space    used 5052K, capacity 5392K, committed 5452K, reserved 1048576K
}
Event: 6.895 GC heap after
{Heap after GC invocations=8 (full 0):
 garbage-first heap   total 129024K, used 27467K [0x0000000080000000, 0x0000000100000000)
  region size 1024K, 9 young (9216K), 9 survivors (9216K)
 Metaspace       used 39537K, capacity 40556K, committed 40780K, reserved 1085440K
  class space    used 5052K, capacity 5392K, committed 5452K, reserved 1048576K
}

