# JRE version: OpenJDK Runtime Environment (11.0.10) (build 11.0.10+0-b96-7249189)
# Java VM: OpenJDK 64-Bit Server VM (11.0.10+0-b96-7249189, mixed mode, tiered, compressed oops, g1 gc, windows-amd64)
Heap:
 garbage-first heap   total 568320K, used 232865K [0x0000000080000000, 0x0000000100000000)
  region size 1024K, 69 young (70656K), 22 survivors (22528K)
 Metaspace       used 105261K, capacity 108301K, committed 108544K, reserved 1142784K
  class space    used 13411K, capacity 14553K, committed 14592K, reserved 1048576K
GC Heap History (20 events):
Event: 72.885 GC heap before
{Heap before GC invocations=53 (full 0):
 garbage-first heap   total 568320K, used 427550K [0x0000000080000000, 0x0000000100000000)
  region size 1024K, 267 young (273408K), 7 survivors (7168K)
 Metaspace       used 105095K, capacity 108134K, committed 108288K, reserved 1142784K
  class space    used 13404K, capacity 14544K, committed 14592K, reserved 1048576K
}
Event: 72.897 GC heap after
{Heap after GC invocations=54 (full 0):
 garbage-first heap   total 568320K, used 163358K [0x0000000080000000, 0x0000000100000000)
  region size 1024K, 9 young (9216K), 9 survivors (9216K)
 Metaspace       used 105095K, capacity 108134K, committed 108288K, reserved 1142784K
  class space    used 13404K, capacity 14544K, committed 14592K, reserved 1048576K
}
Event: 73.812 GC heap before
{Heap before GC invocations=54 (full 0):
 garbage-first heap   total 568320K, used 437790K [0x0000000080000000, 0x0000000100000000)
  region size 1024K, 278 young (284672K), 9 survivors (9216K)
 Metaspace       used 105133K, capacity 108200K, committed 108288K, reserved 1142784K
  class space    used 13404K, capacity 14544K, committed 14592K, reserved 1048576K
}
Event: 73.821 GC heap after
{Heap after GC invocations=55 (full 0):
 garbage-first heap   total 568320K, used 164382K [0x0000000080000000, 0x0000000100000000)
  region size 1024K, 10 young (10240K), 10 survivors (10240K)
 Metaspace       used 105133K, capacity 108200K, committed 108288K, reserved 1142784K
  class space    used 13404K, capacity 14544K, committed 14592K, reserved 1048576K
}
Event: 74.409 GC heap before
{Heap before GC invocations=55 (full 0):
 garbage-first heap   total 568320K, used 447006K [0x0000000080000000, 0x0000000100000000)
  region size 1024K, 286 young (292864K), 10 survivors (10240K)
 Metaspace       used 105141K, capacity 108200K, committed 108288K, reserved 1142784K
  class space    used 13405K, capacity 14544K, committed 14592K, reserved 1048576K
}
Event: 74.419 GC heap after
{Heap after GC invocations=56 (full 0):
 garbage-first heap   total 568320K, used 164848K [0x0000000080000000, 0x0000000100000000)
  region size 1024K, 11 young (11264K), 11 survivors (11264K)
 Metaspace       used 105141K, capacity 108200K, committed 108288K, reserved 1142784K
  class space    used 13405K, capacity 14544K, committed 14592K, reserved 1048576K
}
Event: 75.407 GC heap before
{Heap before GC invocations=56 (full 0):
 garbage-first heap   total 568320K, used 451568K [0x0000000080000000, 0x0000000100000000)
  region size 1024K, 291 young (297984K), 11 survivors (11264K)
 Metaspace       used 105166K, capacity 108200K, committed 108288K, reserved 1142784K
  class space    used 13405K, capacity 14544K, committed 14592K, reserved 1048576K
}
Event: 75.421 GC heap after
{Heap after GC invocations=57 (full 0):
 garbage-first heap   total 568320K, used 167944K [0x0000000080000000, 0x0000000100000000)
  region size 1024K, 14 young (14336K), 14 survivors (14336K)
 Metaspace       used 105166K, capacity 108200K, committed 108288K, reserved 1142784K
  class space    used 13405K, capacity 14544K, committed 14592K, reserved 1048576K
}
Event: 76.495 GC heap before
{Heap before GC invocations=57 (full 0):
 garbage-first heap   total 568320K, used 461832K [0x0000000080000000, 0x0000000100000000)
  region size 1024K, 301 young (308224K), 14 survivors (14336K)
 Metaspace       used 105186K, capacity 108279K, committed 108544K, reserved 1142784K
  class space    used 13408K, capacity 14549K, committed 14592K, reserved 1048576K
}
Event: 76.512 GC heap after
{Heap after GC invocations=58 (full 0):
 garbage-first heap   total 568320K, used 171038K [0x0000000080000000, 0x0000000100000000)
  region size 1024K, 17 young (17408K), 17 survivors (17408K)
 Metaspace       used 105186K, capacity 108279K, committed 108544K, reserved 1142784K
  class space    used 13408K, capacity 14549K, committed 14592K, reserved 1048576K
}
Event: 77.882 GC heap before
{Heap before GC invocations=58 (full 0):
 garbage-first heap   total 568320K, used 472094K [0x0000000080000000, 0x0000000100000000)
  region size 1024K, 311 young (318464K), 17 survivors (17408K)
 Metaspace       used 105200K, capacity 108283K, committed 108544K, reserved 1142784K
  class space    used 13409K, capacity 14550K, committed 14592K, reserved 1048576K
}
Event: 77.904 GC heap after
{Heap after GC invocations=59 (full 0):
 garbage-first heap   total 568320K, used 174622K [0x0000000080000000, 0x0000000100000000)
  region size 1024K, 20 young (20480K), 20 survivors (20480K)
 Metaspace       used 105200K, capacity 108283K, committed 108544K, reserved 1142784K
  class space    used 13409K, capacity 14550K, committed 14592K, reserved 1048576K
}
Event: 79.409 GC heap before
{Heap before GC invocations=59 (full 0):
 garbage-first heap   total 568320K, used 478750K [0x0000000080000000, 0x0000000100000000)
  region size 1024K, 317 young (324608K), 20 survivors (20480K)
 Metaspace       used 105229K, capacity 108300K, committed 108544K, reserved 1142784K
  class space    used 13410K, capacity 14553K, committed 14592K, reserved 1048576K
}
Event: 79.434 GC heap after
{Heap after GC invocations=60 (full 0):
 garbage-first heap   total 568320K, used 178206K [0x0000000080000000, 0x0000000100000000)
  region size 1024K, 24 young (24576K), 24 survivors (24576K)
 Metaspace       used 105229K, capacity 108300K, committed 108544K, reserved 1142784K
  class space    used 13410K, capacity 14553K, committed 14592K, reserved 1048576K
}
Event: 80.825 GC heap before
{Heap before GC invocations=60 (full 0):
 garbage-first heap   total 568320K, used 482334K [0x0000000080000000, 0x0000000100000000)
  region size 1024K, 321 young (328704K), 24 survivors (24576K)
 Metaspace       used 105242K, capacity 108300K, committed 108544K, reserved 1142784K
  class space    used 13411K, capacity 14553K, committed 14592K, reserved 1048576K
}
Event: 80.849 GC heap after
{Heap after GC invocations=61 (full 0):
 garbage-first heap   total 568320K, used 181161K [0x0000000080000000, 0x0000000100000000)
  region size 1024K, 23 young (23552K), 23 survivors (23552K)
 Metaspace       used 105242K, capacity 108300K, committed 108544K, reserved 1142784K
  class space    used 13411K, capacity 14553K, committed 14592K, reserved 1048576K
}
Event: 82.386 GC heap before
{Heap before GC invocations=61 (full 0):
 garbage-first heap   total 568320K, used 487337K [0x0000000080000000, 0x0000000100000000)
  region size 1024K, 322 young (329728K), 23 survivors (23552K)
 Metaspace       used 105254K, capacity 108301K, committed 108544K, reserved 1142784K
  class space    used 13411K, capacity 14553K, committed 14592K, reserved 1048576K
}
Event: 82.410 GC heap after
{Heap after GC invocations=62 (full 0):
 garbage-first heap   total 568320K, used 183924K [0x0000000080000000, 0x0000000100000000)
  region size 1024K, 24 young (24576K), 24 survivors (24576K)
 Metaspace       used 105254K, capacity 108301K, committed 108544K, reserved 1142784K
  class space    used 13411K, capacity 14553K, committed 14592K, reserved 1048576K
}
Event: 83.725 GC heap before
{Heap before GC invocations=62 (full 0):
 garbage-first heap   total 568320K, used 484980K [0x0000000080000000, 0x0000000100000000)
  region size 1024K, 318 young (325632K), 24 survivors (24576K)
 Metaspace       used 105260K, capacity 108301K, committed 108544K, reserved 1142784K
  class space    used 13411K, capacity 14553K, committed 14592K, reserved 1048576K
}
Event: 83.753 GC heap after
{Heap after GC invocations=63 (full 0):
 garbage-first heap   total 568320K, used 185761K [0x0000000080000000, 0x0000000100000000)
  region size 1024K, 22 young (22528K), 22 survivors (22528K)
 Metaspace       used 105260K, capacity 108301K, committed 108544K, reserved 1142784K
  class space    used 13411K, capacity 14553K, committed 14592K, reserved 1048576K
}

