# JRE version: OpenJDK Runtime Environment (11.0.10) (build 11.0.10+0-b96-7249189)
# Java VM: OpenJDK 64-Bit Server VM (11.0.10+0-b96-7249189, mixed mode, tiered, compressed oops, g1 gc, windows-amd64)
Heap:
 garbage-first heap   total 529408K, used 347032K [0x0000000080000000, 0x0000000100000000)
  region size 1024K, 19 young (19456K), 4 survivors (4096K)
 Metaspace       used 163309K, capacity 167762K, committed 169124K, reserved 1196032K
  class space    used 20475K, capacity 22177K, committed 22604K, reserved 1048576K
GC Heap History (20 events):
Event: 3031.716 GC heap before
{Heap before GC invocations=80 (full 0):
 garbage-first heap   total 529408K, used 243200K [0x0000000080000000, 0x0000000100000000)
  region size 1024K, 25 young (25600K), 2 survivors (2048K)
 Metaspace       used 160907K, capacity 165063K, committed 169124K, reserved 1196032K
  class space    used 20205K, capacity 21786K, committed 22604K, reserved 1048576K
}
Event: 3031.745 GC heap after
{Heap after GC invocations=81 (full 0):
 garbage-first heap   total 529408K, used 209408K [0x0000000080000000, 0x0000000100000000)
  region size 1024K, 4 young (4096K), 4 survivors (4096K)
 Metaspace       used 160907K, capacity 165063K, committed 169124K, reserved 1196032K
  class space    used 20205K, capacity 21786K, committed 22604K, reserved 1048576K
}
Event: 3080.884 GC heap before
{Heap before GC invocations=81 (full 0):
 garbage-first heap   total 529408K, used 417280K [0x0000000080000000, 0x0000000100000000)
  region size 1024K, 191 young (195584K), 4 survivors (4096K)
 Metaspace       used 161701K, capacity 165907K, committed 169124K, reserved 1196032K
  class space    used 20292K, capacity 21878K, committed 22604K, reserved 1048576K
}
Event: 3080.907 GC heap after
{Heap after GC invocations=82 (full 0):
 garbage-first heap   total 529408K, used 211862K [0x0000000080000000, 0x0000000100000000)
  region size 1024K, 13 young (13312K), 13 survivors (13312K)
 Metaspace       used 161701K, capacity 165907K, committed 169124K, reserved 1196032K
  class space    used 20292K, capacity 21878K, committed 22604K, reserved 1048576K
}
Event: 3124.522 GC heap before
{Heap before GC invocations=82 (full 0):
 garbage-first heap   total 529408K, used 430998K [0x0000000080000000, 0x0000000100000000)
  region size 1024K, 205 young (209920K), 13 survivors (13312K)
 Metaspace       used 162714K, capacity 167180K, committed 169124K, reserved 1196032K
  class space    used 20444K, capacity 22122K, committed 22604K, reserved 1048576K
}
Event: 3124.532 GC heap after
{Heap after GC invocations=83 (full 0):
 garbage-first heap   total 529408K, used 207325K [0x0000000080000000, 0x0000000100000000)
  region size 1024K, 6 young (6144K), 6 survivors (6144K)
 Metaspace       used 162714K, capacity 167180K, committed 169124K, reserved 1196032K
  class space    used 20444K, capacity 22122K, committed 22604K, reserved 1048576K
}
Event: 3314.870 GC heap before
{Heap before GC invocations=83 (full 0):
 garbage-first heap   total 529408K, used 430557K [0x0000000080000000, 0x0000000100000000)
  region size 1024K, 210 young (215040K), 6 survivors (6144K)
 Metaspace       used 163111K, capacity 167626K, committed 169124K, reserved 1196032K
  class space    used 20475K, capacity 22177K, committed 22604K, reserved 1048576K
}
Event: 3314.928 GC heap after
{Heap after GC invocations=84 (full 0):
 garbage-first heap   total 529408K, used 251117K [0x0000000080000000, 0x0000000100000000)
  region size 1024K, 27 young (27648K), 27 survivors (27648K)
 Metaspace       used 163111K, capacity 167626K, committed 169124K, reserved 1196032K
  class space    used 20475K, capacity 22177K, committed 22604K, reserved 1048576K
}
Event: 3315.912 GC heap before
{Heap before GC invocations=84 (full 0):
 garbage-first heap   total 529408K, used 362733K [0x0000000080000000, 0x0000000100000000)
  region size 1024K, 124 young (126976K), 27 survivors (27648K)
 Metaspace       used 163114K, capacity 167626K, committed 169124K, reserved 1196032K
  class space    used 20475K, capacity 22177K, committed 22604K, reserved 1048576K
}
Event: 3315.958 GC heap after
{Heap after GC invocations=85 (full 0):
 garbage-first heap   total 529408K, used 279552K [0x0000000080000000, 0x0000000100000000)
  region size 1024K, 15 young (15360K), 15 survivors (15360K)
 Metaspace       used 163114K, capacity 167626K, committed 169124K, reserved 1196032K
  class space    used 20475K, capacity 22177K, committed 22604K, reserved 1048576K
}
Event: 3316.736 GC heap before
{Heap before GC invocations=85 (full 0):
 garbage-first heap   total 529408K, used 402432K [0x0000000080000000, 0x0000000100000000)
  region size 1024K, 134 young (137216K), 15 survivors (15360K)
 Metaspace       used 163164K, capacity 167693K, committed 169124K, reserved 1196032K
  class space    used 20475K, capacity 22177K, committed 22604K, reserved 1048576K
}
Event: 3316.758 GC heap after
{Heap after GC invocations=86 (full 0):
 garbage-first heap   total 529408K, used 274432K [0x0000000080000000, 0x0000000100000000)
  region size 1024K, 11 young (11264K), 11 survivors (11264K)
 Metaspace       used 163164K, capacity 167693K, committed 169124K, reserved 1196032K
  class space    used 20475K, capacity 22177K, committed 22604K, reserved 1048576K
}
Event: 3412.075 GC heap before
{Heap before GC invocations=86 (full 0):
 garbage-first heap   total 529408K, used 438272K [0x0000000080000000, 0x0000000100000000)
  region size 1024K, 138 young (141312K), 11 survivors (11264K)
 Metaspace       used 163271K, capacity 167758K, committed 169124K, reserved 1196032K
  class space    used 20475K, capacity 22177K, committed 22604K, reserved 1048576K
}
Event: 3412.094 GC heap after
{Heap after GC invocations=87 (full 0):
 garbage-first heap   total 529408K, used 294912K [0x0000000080000000, 0x0000000100000000)
  region size 1024K, 18 young (18432K), 18 survivors (18432K)
 Metaspace       used 163271K, capacity 167758K, committed 169124K, reserved 1196032K
  class space    used 20475K, capacity 22177K, committed 22604K, reserved 1048576K
}
Event: 3413.080 GC heap before
{Heap before GC invocations=87 (full 0):
 garbage-first heap   total 529408K, used 416768K [0x0000000080000000, 0x0000000100000000)
  region size 1024K, 135 young (138240K), 18 survivors (18432K)
 Metaspace       used 163278K, capacity 167759K, committed 169124K, reserved 1196032K
  class space    used 20475K, capacity 22177K, committed 22604K, reserved 1048576K
}
Event: 3413.133 GC heap after
{Heap after GC invocations=88 (full 0):
 garbage-first heap   total 529408K, used 319943K [0x0000000080000000, 0x0000000100000000)
  region size 1024K, 17 young (17408K), 17 survivors (17408K)
 Metaspace       used 163278K, capacity 167759K, committed 169124K, reserved 1196032K
  class space    used 20475K, capacity 22177K, committed 22604K, reserved 1048576K
}
Event: 3413.949 GC heap before
{Heap before GC invocations=88 (full 0):
 garbage-first heap   total 529408K, used 429511K [0x0000000080000000, 0x0000000100000000)
  region size 1024K, 115 young (117760K), 17 survivors (17408K)
 Metaspace       used 163286K, capacity 167760K, committed 169124K, reserved 1196032K
  class space    used 20475K, capacity 22177K, committed 22604K, reserved 1048576K
}
Event: 3413.981 GC heap after
{Heap after GC invocations=89 (full 0):
 garbage-first heap   total 529408K, used 336896K [0x0000000080000000, 0x0000000100000000)
  region size 1024K, 10 young (10240K), 10 survivors (10240K)
 Metaspace       used 163286K, capacity 167760K, committed 169124K, reserved 1196032K
  class space    used 20475K, capacity 22177K, committed 22604K, reserved 1048576K
}
Event: 3415.126 GC heap before
{Heap before GC invocations=89 (full 0):
 garbage-first heap   total 529408K, used 433152K [0x0000000080000000, 0x0000000100000000)
  region size 1024K, 102 young (104448K), 10 survivors (10240K)
 Metaspace       used 163307K, capacity 167762K, committed 169124K, reserved 1196032K
  class space    used 20475K, capacity 22177K, committed 22604K, reserved 1048576K
}
Event: 3415.139 GC heap after
{Heap after GC invocations=90 (full 0):
 garbage-first heap   total 529408K, used 332696K [0x0000000080000000, 0x0000000100000000)
  region size 1024K, 4 young (4096K), 4 survivors (4096K)
 Metaspace       used 163307K, capacity 167762K, committed 169124K, reserved 1196032K
  class space    used 20475K, capacity 22177K, committed 22604K, reserved 1048576K
}

